android/app/build/intermediates/manifest_merge_blame_file/debug/manifest-merger-blame-debug-report.txt
1<?xml version="1.0" encoding="utf-8"?>
2<manifest xmlns:android="http://schemas.android.com/apk/res/android"
3    package="com.final_licenta"
4    android:versionCode="1"
5    android:versionName="1.0" >
6
7    <uses-sdk
8        android:minSdkVersion="21"
9        android:targetSdkVersion="29" />
10
11    <uses-permission android:name="android.permission.SYSTEM_ALERT_WINDOW" />
11-->src\debug\AndroidManifest.xml:5:5-77
11-->src\debug\AndroidManifest.xml:5:22-75
12    <uses-permission android:name="android.permission.INTERNET" />
12-->src\main\AndroidManifest.xml:4:5-67
12-->src\main\AndroidManifest.xml:4:22-64
13    <uses-permission android:name="android.permission.CAMERA" />
13-->src\main\AndroidManifest.xml:5:5-65
13-->src\main\AndroidManifest.xml:5:22-62
14    <uses-permission android:name="android.permission.WRITE_EXTERNAL_STORAGE" />
14-->src\main\AndroidManifest.xml:6:6-81
14-->src\main\AndroidManifest.xml:6:23-79
15    <uses-permission android:name="android.permission.ACCESS_WIFI_STATE" />
15-->[com.facebook.flipper:flipper:0.75.1] AndroidManifest.xml:16:5-76
15-->[com.facebook.flipper:flipper:0.75.1] AndroidManifest.xml:16:22-73
16    <uses-permission android:name="android.permission.WAKE_LOCK" />
16-->[:react-native-firebase_auth] AndroidManifest.xml:12:5-68
16-->[:react-native-firebase_auth] AndroidManifest.xml:12:22-65
17    <uses-permission android:name="android.permission.ACCESS_NETWORK_STATE" /> <!-- TODO(salakar) Not sure if this should be part of the package manifest or leave to users app manifest code? -->
17-->[:react-native-firebase_auth] AndroidManifest.xml:13:5-79
17-->[:react-native-firebase_auth] AndroidManifest.xml:13:22-76
18    <uses-permission android:name="android.permission.READ_EXTERNAL_STORAGE" />
18-->[:react-native-firebase_storage] AndroidManifest.xml:15:5-80
18-->[:react-native-firebase_storage] AndroidManifest.xml:15:22-77
19
20    <queries>
20-->[:react-native-image-crop-picker] AndroidManifest.xml:10:5-14:15
21        <intent>
21-->[:react-native-image-crop-picker] AndroidManifest.xml:11:9-13:18
22            <action android:name="android.media.action.IMAGE_CAPTURE" />
22-->[:react-native-image-crop-picker] AndroidManifest.xml:12:13-73
22-->[:react-native-image-crop-picker] AndroidManifest.xml:12:21-70
23        </intent>
24    </queries>
25
26    <uses-permission android:name="com.google.android.finsky.permission.BIND_GET_INSTALL_REFERRER_SERVICE" />
26-->[com.google.android.gms:play-services-measurement:18.0.3] AndroidManifest.xml:26:5-110
26-->[com.google.android.gms:play-services-measurement:18.0.3] AndroidManifest.xml:26:22-107
27
28    <application
28-->src\main\AndroidManifest.xml:8:5-26:19
29        android:name="com.final_licenta.MainApplication"
29-->src\main\AndroidManifest.xml:9:7-38
30        android:allowBackup="false"
30-->src\main\AndroidManifest.xml:13:7-34
31        android:appComponentFactory="androidx.core.app.CoreComponentFactory"
31-->[androidx.core:core:1.3.1] AndroidManifest.xml:24:18-86
32        android:debuggable="true"
33        android:icon="@mipmap/ic_launcher"
33-->src\main\AndroidManifest.xml:11:7-41
34        android:label="@string/app_name"
34-->src\main\AndroidManifest.xml:10:7-39
35        android:roundIcon="@mipmap/ic_launcher_round"
35-->src\main\AndroidManifest.xml:12:7-52
36        android:theme="@style/AppTheme"
36-->src\main\AndroidManifest.xml:14:7-38
37        android:usesCleartextTraffic="true" >
37-->src\debug\AndroidManifest.xml:8:9-44
38        <activity android:name="com.facebook.react.devsupport.DevSettingsActivity" />
38-->src\debug\AndroidManifest.xml:11:9-86
38-->src\debug\AndroidManifest.xml:11:19-83
39        <activity
39-->src\main\AndroidManifest.xml:15:7-25:18
40            android:name="com.final_licenta.MainActivity"
40-->src\main\AndroidManifest.xml:16:9-37
41            android:configChanges="keyboard|keyboardHidden|orientation|screenSize|uiMode"
41-->src\main\AndroidManifest.xml:18:9-86
42            android:label="@string/app_name"
42-->src\main\AndroidManifest.xml:17:9-41
43            android:launchMode="singleTask"
43-->src\main\AndroidManifest.xml:19:9-40
44            android:windowSoftInputMode="adjustResize" >
44-->src\main\AndroidManifest.xml:20:9-51
45            <intent-filter>
45-->src\main\AndroidManifest.xml:21:9-24:25
46                <action android:name="android.intent.action.MAIN" />
46-->src\main\AndroidManifest.xml:22:13-65
46-->src\main\AndroidManifest.xml:22:21-62
47
48                <category android:name="android.intent.category.LAUNCHER" />
48-->src\main\AndroidManifest.xml:23:13-73
48-->src\main\AndroidManifest.xml:23:23-70
49            </intent-filter>
50        </activity>
51
52        <provider
52-->[:react-native-image-crop-picker] AndroidManifest.xml:19:9-27:20
53            android:name="androidx.core.content.FileProvider"
53-->[:react-native-image-crop-picker] AndroidManifest.xml:20:13-62
54            android:authorities="com.final_licenta.provider"
54-->[:react-native-image-crop-picker] AndroidManifest.xml:21:13-60
55            android:exported="false"
55-->[:react-native-image-crop-picker] AndroidManifest.xml:22:13-37
56            android:grantUriPermissions="true" >
56-->[:react-native-image-crop-picker] AndroidManifest.xml:23:13-47
57            <meta-data
57-->[:react-native-image-crop-picker] AndroidManifest.xml:24:13-26:58
58                android:name="android.support.FILE_PROVIDER_PATHS"
58-->[:react-native-image-crop-picker] AndroidManifest.xml:25:17-67
59                android:resource="@xml/provider_paths" />
59-->[:react-native-image-crop-picker] AndroidManifest.xml:26:17-55
60        </provider>
61
62        <activity
62-->[:react-native-image-crop-picker] AndroidManifest.xml:29:9-31:72
63            android:name="com.yalantis.ucrop.UCropActivity"
63-->[:react-native-image-crop-picker] AndroidManifest.xml:30:13-60
64            android:theme="@style/Theme.AppCompat.Light.NoActionBar" />
64-->[:react-native-image-crop-picker] AndroidManifest.xml:31:13-69
65
66        <provider
66-->[:react-native-image-picker] AndroidManifest.xml:12:9-20:20
67            android:name="com.imagepicker.ImagePickerProvider"
67-->[:react-native-image-picker] AndroidManifest.xml:13:13-63
68            android:authorities="com.final_licenta.imagepickerprovider"
68-->[:react-native-image-picker] AndroidManifest.xml:14:13-71
69            android:exported="false"
69-->[:react-native-image-picker] AndroidManifest.xml:15:13-37
70            android:grantUriPermissions="true" >
70-->[:react-native-image-picker] AndroidManifest.xml:16:13-47
71            <meta-data
71-->[:react-native-image-crop-picker] AndroidManifest.xml:24:13-26:58
72                android:name="android.support.FILE_PROVIDER_PATHS"
72-->[:react-native-image-crop-picker] AndroidManifest.xml:25:17-67
73                android:resource="@xml/imagepicker_provider_paths" />
73-->[:react-native-image-crop-picker] AndroidManifest.xml:26:17-55
74        </provider>
75
76        <activity
76-->[com.google.firebase:firebase-auth:20.0.4] AndroidManifest.xml:27:9-44:20
77            android:name="com.google.firebase.auth.internal.GenericIdpActivity"
77-->[com.google.firebase:firebase-auth:20.0.4] AndroidManifest.xml:28:13-80
78            android:excludeFromRecents="true"
78-->[com.google.firebase:firebase-auth:20.0.4] AndroidManifest.xml:29:13-46
79            android:exported="true"
79-->[com.google.firebase:firebase-auth:20.0.4] AndroidManifest.xml:30:13-36
80            android:launchMode="singleTask"
80-->[com.google.firebase:firebase-auth:20.0.4] AndroidManifest.xml:31:13-44
81            android:theme="@android:style/Theme.Translucent.NoTitleBar" >
81-->[com.google.firebase:firebase-auth:20.0.4] AndroidManifest.xml:32:13-72
82            <intent-filter>
82-->[com.google.firebase:firebase-auth:20.0.4] AndroidManifest.xml:33:13-43:29
83                <action android:name="android.intent.action.VIEW" />
83-->[com.google.firebase:firebase-auth:20.0.4] AndroidManifest.xml:34:17-69
83-->[com.google.firebase:firebase-auth:20.0.4] AndroidManifest.xml:34:25-66
84
85                <category android:name="android.intent.category.DEFAULT" />
85-->[com.google.firebase:firebase-auth:20.0.4] AndroidManifest.xml:36:17-76
85-->[com.google.firebase:firebase-auth:20.0.4] AndroidManifest.xml:36:27-73
86                <category android:name="android.intent.category.BROWSABLE" />
86-->[com.google.firebase:firebase-auth:20.0.4] AndroidManifest.xml:37:17-78
86-->[com.google.firebase:firebase-auth:20.0.4] AndroidManifest.xml:37:27-75
87
88                <data
88-->[com.google.firebase:firebase-auth:20.0.4] AndroidManifest.xml:39:17-42:51
89                    android:host="firebase.auth"
89-->[com.google.firebase:firebase-auth:20.0.4] AndroidManifest.xml:40:21-49
90                    android:path="/"
90-->[com.google.firebase:firebase-auth:20.0.4] AndroidManifest.xml:41:21-37
91                    android:scheme="genericidp" />
91-->[com.google.firebase:firebase-auth:20.0.4] AndroidManifest.xml:42:21-48
92            </intent-filter>
93        </activity>
94        <activity
94-->[com.google.firebase:firebase-auth:20.0.4] AndroidManifest.xml:45:9-62:20
95            android:name="com.google.firebase.auth.internal.RecaptchaActivity"
95-->[com.google.firebase:firebase-auth:20.0.4] AndroidManifest.xml:46:13-79
96            android:excludeFromRecents="true"
96-->[com.google.firebase:firebase-auth:20.0.4] AndroidManifest.xml:47:13-46
97            android:exported="true"
97-->[com.google.firebase:firebase-auth:20.0.4] AndroidManifest.xml:48:13-36
98            android:launchMode="singleTask"
98-->[com.google.firebase:firebase-auth:20.0.4] AndroidManifest.xml:49:13-44
99            android:theme="@android:style/Theme.Translucent.NoTitleBar" >
99-->[com.google.firebase:firebase-auth:20.0.4] AndroidManifest.xml:50:13-72
100            <intent-filter>
100-->[com.google.firebase:firebase-auth:20.0.4] AndroidManifest.xml:51:13-61:29
101                <action android:name="android.intent.action.VIEW" />
101-->[com.google.firebase:firebase-auth:20.0.4] AndroidManifest.xml:34:17-69
101-->[com.google.firebase:firebase-auth:20.0.4] AndroidManifest.xml:34:25-66
102
103                <category android:name="android.intent.category.DEFAULT" />
103-->[com.google.firebase:firebase-auth:20.0.4] AndroidManifest.xml:36:17-76
103-->[com.google.firebase:firebase-auth:20.0.4] AndroidManifest.xml:36:27-73
104                <category android:name="android.intent.category.BROWSABLE" />
104-->[com.google.firebase:firebase-auth:20.0.4] AndroidManifest.xml:37:17-78
104-->[com.google.firebase:firebase-auth:20.0.4] AndroidManifest.xml:37:27-75
105
106                <data
106-->[com.google.firebase:firebase-auth:20.0.4] AndroidManifest.xml:39:17-42:51
107                    android:host="firebase.auth"
107-->[com.google.firebase:firebase-auth:20.0.4] AndroidManifest.xml:40:21-49
108                    android:path="/"
108-->[com.google.firebase:firebase-auth:20.0.4] AndroidManifest.xml:41:21-37
109                    android:scheme="recaptcha" />
109-->[com.google.firebase:firebase-auth:20.0.4] AndroidManifest.xml:42:21-48
110            </intent-filter>
111        </activity>
112
113        <service
113-->[com.google.firebase:firebase-auth:20.0.4] AndroidManifest.xml:64:9-73:19
114            android:name="com.google.firebase.auth.api.fallback.service.FirebaseAuthFallbackService"
114-->[com.google.firebase:firebase-auth:20.0.4] AndroidManifest.xml:65:13-101
115            android:enabled="true"
115-->[com.google.firebase:firebase-auth:20.0.4] AndroidManifest.xml:66:13-35
116            android:exported="false" >
116-->[com.google.firebase:firebase-auth:20.0.4] AndroidManifest.xml:67:13-37
117            <intent-filter>
117-->[com.google.firebase:firebase-auth:20.0.4] AndroidManifest.xml:68:13-72:29
118                <action android:name="com.google.firebase.auth.api.gms.service.START" />
118-->[com.google.firebase:firebase-auth:20.0.4] AndroidManifest.xml:69:17-89
118-->[com.google.firebase:firebase-auth:20.0.4] AndroidManifest.xml:69:25-86
119
120                <category android:name="android.intent.category.DEFAULT" />
120-->[com.google.firebase:firebase-auth:20.0.4] AndroidManifest.xml:36:17-76
120-->[com.google.firebase:firebase-auth:20.0.4] AndroidManifest.xml:36:27-73
121            </intent-filter>
122        </service>
123        <service
123-->[com.google.firebase:firebase-auth:20.0.4] AndroidManifest.xml:74:9-80:19
124            android:name="com.google.firebase.components.ComponentDiscoveryService"
124-->[com.google.firebase:firebase-auth:20.0.4] AndroidManifest.xml:75:13-84
125            android:directBootAware="true"
125-->[com.google.firebase:firebase-common:19.5.0] AndroidManifest.xml:35:13-43
126            android:exported="false" >
126-->[com.google.firebase:firebase-auth:20.0.4] AndroidManifest.xml:76:13-37
127            <meta-data
127-->[com.google.firebase:firebase-auth:20.0.4] AndroidManifest.xml:77:13-79:85
128                android:name="com.google.firebase.components:com.google.firebase.auth.FirebaseAuthRegistrar"
128-->[com.google.firebase:firebase-auth:20.0.4] AndroidManifest.xml:78:17-109
129                android:value="com.google.firebase.components.ComponentRegistrar" />
129-->[com.google.firebase:firebase-auth:20.0.4] AndroidManifest.xml:79:17-82
130            <meta-data
130-->[com.google.firebase:firebase-firestore:22.1.2] AndroidManifest.xml:20:13-22:85
131                android:name="com.google.firebase.components:com.google.firebase.firestore.FirestoreRegistrar"
131-->[com.google.firebase:firebase-firestore:22.1.2] AndroidManifest.xml:21:17-111
132                android:value="com.google.firebase.components.ComponentRegistrar" />
132-->[com.google.firebase:firebase-firestore:22.1.2] AndroidManifest.xml:22:17-82
133            <meta-data
133-->[com.google.firebase:firebase-storage:19.2.2] AndroidManifest.xml:33:13-35:85
134                android:name="com.google.firebase.components:com.google.firebase.storage.StorageRegistrar"
134-->[com.google.firebase:firebase-storage:19.2.2] AndroidManifest.xml:34:17-107
135                android:value="com.google.firebase.components.ComponentRegistrar" />
135-->[com.google.firebase:firebase-storage:19.2.2] AndroidManifest.xml:35:17-82
136            <meta-data
136-->[com.google.android.gms:play-services-measurement-api:18.0.3] AndroidManifest.xml:30:13-32:85
137                android:name="com.google.firebase.components:com.google.firebase.analytics.connector.internal.AnalyticsConnectorRegistrar"
137-->[com.google.android.gms:play-services-measurement-api:18.0.3] AndroidManifest.xml:31:17-139
138                android:value="com.google.firebase.components.ComponentRegistrar" />
138-->[com.google.android.gms:play-services-measurement-api:18.0.3] AndroidManifest.xml:32:17-82
139            <meta-data
139-->[com.google.firebase:firebase-installations:16.3.5] AndroidManifest.xml:18:13-20:85
140                android:name="com.google.firebase.components:com.google.firebase.installations.FirebaseInstallationsRegistrar"
140-->[com.google.firebase:firebase-installations:16.3.5] AndroidManifest.xml:19:17-127
141                android:value="com.google.firebase.components.ComponentRegistrar" />
141-->[com.google.firebase:firebase-installations:16.3.5] AndroidManifest.xml:20:17-82
142            <!--
143                This registrar is not defined in the dynamic-module-support sdk itself to allow non-firebase
144                clients to use it as well, by defining this registrar in their own core/common library.
145            -->
146            <meta-data
146-->[com.google.firebase:firebase-common:19.5.0] AndroidManifest.xml:43:13-45:85
147                android:name="com.google.firebase.components:com.google.firebase.dynamicloading.DynamicLoadingRegistrar"
147-->[com.google.firebase:firebase-common:19.5.0] AndroidManifest.xml:44:17-121
148                android:value="com.google.firebase.components.ComponentRegistrar" />
148-->[com.google.firebase:firebase-common:19.5.0] AndroidManifest.xml:45:17-82
149        </service>
150
151        <provider
151-->[com.google.firebase:firebase-common:19.5.0] AndroidManifest.xml:26:9-31:39
152            android:name="com.google.firebase.provider.FirebaseInitProvider"
152-->[com.google.firebase:firebase-common:19.5.0] AndroidManifest.xml:27:13-77
153            android:authorities="com.final_licenta.firebaseinitprovider"
153-->[com.google.firebase:firebase-common:19.5.0] AndroidManifest.xml:28:13-72
154            android:directBootAware="true"
154-->[com.google.firebase:firebase-common:19.5.0] AndroidManifest.xml:29:13-43
155            android:exported="false"
155-->[com.google.firebase:firebase-common:19.5.0] AndroidManifest.xml:30:13-37
156            android:initOrder="100" />
156-->[com.google.firebase:firebase-common:19.5.0] AndroidManifest.xml:31:13-36
157
158        <activity
158-->[com.google.android.gms:play-services-auth:19.0.0] AndroidManifest.xml:23:9-27:75
159            android:name="com.google.android.gms.auth.api.signin.internal.SignInHubActivity"
159-->[com.google.android.gms:play-services-auth:19.0.0] AndroidManifest.xml:24:13-93
160            android:excludeFromRecents="true"
160-->[com.google.android.gms:play-services-auth:19.0.0] AndroidManifest.xml:25:13-46
161            android:exported="false"
161-->[com.google.android.gms:play-services-auth:19.0.0] AndroidManifest.xml:26:13-37
162            android:theme="@android:style/Theme.Translucent.NoTitleBar" />
162-->[com.google.android.gms:play-services-auth:19.0.0] AndroidManifest.xml:27:13-72
163        <!--
164            Service handling Google Sign-In user revocation. For apps that do not integrate with
165            Google Sign-In, this service will never be started.
166        -->
167        <service
167-->[com.google.android.gms:play-services-auth:19.0.0] AndroidManifest.xml:33:9-37:51
168            android:name="com.google.android.gms.auth.api.signin.RevocationBoundService"
168-->[com.google.android.gms:play-services-auth:19.0.0] AndroidManifest.xml:34:13-89
169            android:exported="true"
169-->[com.google.android.gms:play-services-auth:19.0.0] AndroidManifest.xml:35:13-36
170            android:permission="com.google.android.gms.auth.api.signin.permission.REVOCATION_NOTIFICATION"
170-->[com.google.android.gms:play-services-auth:19.0.0] AndroidManifest.xml:36:13-107
171            android:visibleToInstantApps="true" />
171-->[com.google.android.gms:play-services-auth:19.0.0] AndroidManifest.xml:37:13-48
172
173        <activity
173-->[com.google.android.gms:play-services-base:17.1.0] AndroidManifest.xml:23:9-26:75
174            android:name="com.google.android.gms.common.api.GoogleApiActivity"
174-->[com.google.android.gms:play-services-base:17.1.0] AndroidManifest.xml:24:13-79
175            android:exported="false"
175-->[com.google.android.gms:play-services-base:17.1.0] AndroidManifest.xml:25:13-37
176            android:theme="@android:style/Theme.Translucent.NoTitleBar" />
176-->[com.google.android.gms:play-services-base:17.1.0] AndroidManifest.xml:26:13-72
177
178        <receiver
178-->[com.google.android.gms:play-services-measurement:18.0.3] AndroidManifest.xml:29:9-33:20
179            android:name="com.google.android.gms.measurement.AppMeasurementReceiver"
179-->[com.google.android.gms:play-services-measurement:18.0.3] AndroidManifest.xml:30:13-85
180            android:enabled="true"
180-->[com.google.android.gms:play-services-measurement:18.0.3] AndroidManifest.xml:31:13-35
181            android:exported="false" >
181-->[com.google.android.gms:play-services-measurement:18.0.3] AndroidManifest.xml:32:13-37
182        </receiver>
183
184        <service
184-->[com.google.android.gms:play-services-measurement:18.0.3] AndroidManifest.xml:35:9-38:40
185            android:name="com.google.android.gms.measurement.AppMeasurementService"
185-->[com.google.android.gms:play-services-measurement:18.0.3] AndroidManifest.xml:36:13-84
186            android:enabled="true"
186-->[com.google.android.gms:play-services-measurement:18.0.3] AndroidManifest.xml:37:13-35
187            android:exported="false" />
187-->[com.google.android.gms:play-services-measurement:18.0.3] AndroidManifest.xml:38:13-37
188        <service
188-->[com.google.android.gms:play-services-measurement:18.0.3] AndroidManifest.xml:39:9-43:72
189            android:name="com.google.android.gms.measurement.AppMeasurementJobService"
189-->[com.google.android.gms:play-services-measurement:18.0.3] AndroidManifest.xml:40:13-87
190            android:enabled="true"
190-->[com.google.android.gms:play-services-measurement:18.0.3] AndroidManifest.xml:41:13-35
191            android:exported="false"
191-->[com.google.android.gms:play-services-measurement:18.0.3] AndroidManifest.xml:42:13-37
192            android:permission="android.permission.BIND_JOB_SERVICE" />
192-->[com.google.android.gms:play-services-measurement:18.0.3] AndroidManifest.xml:43:13-69
193
194        <meta-data
194-->[com.google.android.gms:play-services-basement:17.1.1] AndroidManifest.xml:23:9-25:69
195            android:name="com.google.android.gms.version"
195-->[com.google.android.gms:play-services-basement:17.1.1] AndroidManifest.xml:24:13-58
196            android:value="@integer/google_play_services_version" />
196-->[com.google.android.gms:play-services-basement:17.1.1] AndroidManifest.xml:25:13-66
197    </application>
198
199</manifest>